<?xml version="1.0" encoding="UTF-8"?>
<testsuites name="Jest Tests" tests="0" failures="0" errors="0" time="3.952">
</testsuites>