<?xml version="1.0" encoding="UTF-8"?>
<testsuites name="Jest Tests" tests="3" failures="0" errors="0" time="3.724">
  <testsuite name="src\modules.tests\userInterface.test.tsx" errors="0" failures="0" skipped="0" timestamp="2024-11-22T20:31:29" time="2.332" tests="1">
    <testcase classname="sample ui test pass" name="sample ui test pass" time="0.008">
    </testcase>
  </testsuite>
  <testsuite name="src\modules.tests\utilsFunctionality.test.tsx" errors="0" failures="0" skipped="0" timestamp="2024-11-22T20:31:29" time="3.137" tests="2">
    <testcase classname="String Calculator should return 0 for an empty string" name="String Calculator should return 0 for an empty string" time="0.007">
    </testcase>
    <testcase classname="String Calculator should return the number itself if only one number is provided" name="String Calculator should return the number itself if only one number is provided" time="0">
    </testcase>
  </testsuite>
</testsuites>