<?xml version="1.0" encoding="UTF-8"?>
<testsuites name="Jest Tests" tests="16" failures="0" errors="0" time="6.076">
  <testsuite name="src\module.tests\userInterface.test.tsx" errors="0" failures="0" skipped="0" timestamp="2024-11-24T14:37:10" time="5.15" tests="1">
    <testcase classname="sample ui test pass" name="sample ui test pass" time="0.01">
    </testcase>
  </testsuite>
  <testsuite name="src\modules.tests\userInterface.test.tsx" errors="0" failures="0" skipped="0" timestamp="2024-11-24T14:37:10" time="5.221" tests="1">
    <testcase classname="sample ui test pass" name="sample ui test pass" time="0.012">
    </testcase>
  </testsuite>
  <testsuite name="src\module.tests\utilsFunctionality.test.tsx" errors="0" failures="0" skipped="0" timestamp="2024-11-24T14:37:10" time="5.289" tests="7">
    <testcase classname="String Calculator should return 0 for an empty string" name="String Calculator should return 0 for an empty string" time="0.009">
    </testcase>
    <testcase classname="String Calculator should return the number itself if only one number is provided" name="String Calculator should return the number itself if only one number is provided" time="0.013">
    </testcase>
    <testcase classname="String Calculator should return the sum of two comma-separated numbers" name="String Calculator should return the sum of two comma-separated numbers" time="0.003">
    </testcase>
    <testcase classname="String Calculator should return the sum of more than two comma-separated numbers" name="String Calculator should return the sum of more than two comma-separated numbers" time="0.003">
    </testcase>
    <testcase classname="String Calculator should handle newlines as delimiters" name="String Calculator should handle newlines as delimiters" time="0.003">
    </testcase>
    <testcase classname="String Calculator should handle custom delimiters" name="String Calculator should handle custom delimiters" time="0.002">
    </testcase>
    <testcase classname="String Calculator should throw an error for negative numbers" name="String Calculator should throw an error for negative numbers" time="0.02">
    </testcase>
  </testsuite>
  <testsuite name="src\modules.tests\utilsFunctionality.test.tsx" errors="0" failures="0" skipped="0" timestamp="2024-11-24T14:37:10" time="5.317" tests="7">
    <testcase classname="String Calculator should return 0 for an empty string" name="String Calculator should return 0 for an empty string" time="0.013">
    </testcase>
    <testcase classname="String Calculator should return the number itself if only one number is provided" name="String Calculator should return the number itself if only one number is provided" time="0.014">
    </testcase>
    <testcase classname="String Calculator should return the sum of two comma-separated numbers" name="String Calculator should return the sum of two comma-separated numbers" time="0.003">
    </testcase>
    <testcase classname="String Calculator should return the sum of more than two comma-separated numbers" name="String Calculator should return the sum of more than two comma-separated numbers" time="0.002">
    </testcase>
    <testcase classname="String Calculator should handle newlines as delimiters" name="String Calculator should handle newlines as delimiters" time="0.001">
    </testcase>
    <testcase classname="String Calculator should handle custom delimiters" name="String Calculator should handle custom delimiters" time="0.002">
    </testcase>
    <testcase classname="String Calculator should throw an error for negative numbers" name="String Calculator should throw an error for negative numbers" time="0.024">
    </testcase>
  </testsuite>
</testsuites>