<?xml version="1.0" encoding="UTF-8"?>
<testsuites name="Jest Tests" tests="8" failures="0" errors="0" time="5.11">
  <testsuite name="src\modules.tests\userInterface.test.tsx" errors="0" failures="0" skipped="0" timestamp="2024-11-22T20:55:25" time="3.347" tests="1">
    <testcase classname="sample ui test pass" name="sample ui test pass" time="0.024">
    </testcase>
  </testsuite>
  <testsuite name="src\modules.tests\utilsFunctionality.test.tsx" errors="0" failures="0" skipped="0" timestamp="2024-11-22T20:55:25" time="4.41" tests="7">
    <testcase classname="String Calculator should return 0 for an empty string" name="String Calculator should return 0 for an empty string" time="0.006">
    </testcase>
    <testcase classname="String Calculator should return the number itself if only one number is provided" name="String Calculator should return the number itself if only one number is provided" time="0">
    </testcase>
    <testcase classname="String Calculator should return the sum of two comma-separated numbers" name="String Calculator should return the sum of two comma-separated numbers" time="0.001">
    </testcase>
    <testcase classname="String Calculator should return the sum of more than two comma-separated numbers" name="String Calculator should return the sum of more than two comma-separated numbers" time="0">
    </testcase>
    <testcase classname="String Calculator should handle newlines as delimiters" name="String Calculator should handle newlines as delimiters" time="0">
    </testcase>
    <testcase classname="String Calculator should handle custom delimiters" name="String Calculator should handle custom delimiters" time="0.001">
    </testcase>
    <testcase classname="String Calculator should throw an error for negative numbers" name="String Calculator should throw an error for negative numbers" time="0.006">
    </testcase>
  </testsuite>
</testsuites>